<?xml version="1.0" encoding="UTF-8"?>
<!-- Generated by org.testng.reporters.JUnitReportReporter -->
<testsuite hostname="DESKTOP-23ON95U" failures="0" tests="1" name="testng.forloop" time="0.015" errors="0" timestamp="2024-05-02T13:31:39 IST" skipped="0">
  <testcase classname="testng.forloop" name="pattern" time="0.015"/>
</testsuite> <!-- testng.forloop -->
