<?xml version="1.0" encoding="UTF-8"?>
<!-- Generated by org.testng.reporters.JUnitReportReporter -->
<testsuite hostname="DESKTOP-23ON95U" failures="0" tests="1" name="testng.test1" time="0.011" errors="0" timestamp="2024-05-02T12:52:30 IST" skipped="0">
  <testcase classname="testng.test1" name="maven" time="0.011"/>
</testsuite> <!-- testng.test1 -->
