<?xml version="1.0" encoding="UTF-8"?>
<!-- Generated by org.testng.reporters.JUnitReportReporter -->
<testsuite hostname="DESKTOP-23ON95U" failures="0" tests="1" name="testng.web" time="76.601" errors="0" timestamp="2024-05-07T14:00:33 IST" skipped="0">
  <testcase classname="testng.web" name="site2" time="76.601"/>
</testsuite> <!-- testng.web -->
