<?xml version="1.0" encoding="UTF-8"?>
<!-- Generated by org.testng.reporters.JUnitReportReporter -->
<testsuite hostname="DESKTOP-23ON95U" failures="0" tests="1" name="testng.ifelse" time="28.967" errors="0" timestamp="2024-05-02T13:19:56 IST" skipped="0">
  <testcase classname="testng.ifelse" name="contition" time="28.967"/>
</testsuite> <!-- testng.ifelse -->
